Unity Editor version:    2020.3.36f1 (71f96b79b9f0)
Branch:                  master
Build type:              Release
Batch mode:              YES
macOS version:           Version 13.0.1 (Build 22A400)
Darwin version:          22.1.0
Architecture:            x86_64
Running under Rosetta:   YES
Available memory:        65536 MB
Using pre-set license
Pro License: NO

COMMAND LINE ARGUMENTS:
/Applications/Unity/Hub/Editor/2020.3.36f1/Unity.app/Contents/MacOS/Unity
-adb2
-batchMode
-noUpm
-name
AssetImportWorker0
-projectPath
/Users/luis/coding/Servicio Social 2
-logFile
Logs/AssetImportWorker0.log
-srvPort
63309
Successfully changed project path to: /Users/luis/coding/Servicio Social 2
/Users/luis/coding/Servicio Social 2
Using Asset Import Pipeline V2.
Refreshing native plugins compatible for Editor in 73.93 ms, found 6 plugins.
Preloading 1 native plugins for Editor in 6.62 ms.
Initialize engine version: 2020.3.36f1 (71f96b79b9f0)
[Subsystems] Discovering subsystems at path /Applications/Unity/Hub/Editor/2020.3.36f1/Unity.app/Contents/Resources/UnitySubsystems
[Subsystems] Discovering subsystems at path /Users/luis/coding/Servicio Social 2/Assets
GfxDevice: creating device client; threaded=0
2022-11-23 19:13:43.552 Unity[60129:7374202] (null) preferred device: Apple M1 Max (high power)
2022-11-23 19:13:43.552 Unity[60129:7374202] Metal devices available: 1
2022-11-23 19:13:43.552 Unity[60129:7374202] 0: Apple M1 Max (high power)
2022-11-23 19:13:43.552 Unity[60129:7374202] Using device Apple M1 Max (high power)
Initializing Metal device caps: Apple M1 Max
Initialize mono
Mono path[0] = '/Applications/Unity/Hub/Editor/2020.3.36f1/Unity.app/Contents/Managed'
Mono path[1] = '/Applications/Unity/Hub/Editor/2020.3.36f1/Unity.app/Contents/MonoBleedingEdge/lib/mono/unityjit'
Mono config path = '/Applications/Unity/Hub/Editor/2020.3.36f1/Unity.app/Contents/MonoBleedingEdge/etc'
Using monoOptions --debugger-agent=transport=dt_socket,embedding=1,server=y,suspend=n,address=127.0.0.1:56129
Begin MonoManager ReloadAssembly
Registering precompiled unity dll's ...
Register platform support module: /Applications/Unity/Hub/Editor/2020.3.36f1/Unity.app/Contents/PlaybackEngines/MacStandaloneSupport/UnityEditor.OSXStandalone.Extensions.dll
Registered in 0.000420 seconds.
Native extension for OSXStandalone target not found
Refreshing native plugins compatible for Editor in 63.89 ms, found 6 plugins.
Preloading 1 native plugins for Editor in 0.28 ms.
Mono: successfully reloaded assembly
- Completed reload, in  1.061 seconds
Domain Reload Profiling:
	ReloadAssembly (1062ms)
		BeginReloadAssembly (88ms)
			ExecutionOrderSort (0ms)
			DisableScriptedObjects (0ms)
			BackupInstance (0ms)
			ReleaseScriptingObjects (0ms)
			CreateAndSetChildDomain (3ms)
		EndReloadAssembly (884ms)
			LoadAssemblies (85ms)
			RebuildTransferFunctionScriptingTraits (0ms)
			SetupTypeCache (138ms)
			ReleaseScriptCaches (0ms)
			RebuildScriptCaches (28ms)
			SetupLoadedEditorAssemblies (475ms)
				LogAssemblyErrors (0ms)
				InitializePlatformSupportModulesInManaged (9ms)
				SetLoadedEditorAssemblies (0ms)
				RefreshPlugins (64ms)
				BeforeProcessingInitializeOnLoad (17ms)
				ProcessInitializeOnLoadAttributes (287ms)
				ProcessInitializeOnLoadMethodAttributes (97ms)
				AfterProcessingInitializeOnLoad (0ms)
				EditorAssembliesLoaded (1ms)
			ExecutionOrderSort2 (0ms)
			AwakeInstancesAfterBackupRestoration (0ms)
Platform modules already initialized, skipping
Registering precompiled user dll's ...
Registered in 0.003280 seconds.
Begin MonoManager ReloadAssembly
Native extension for OSXStandalone target not found
Refreshing native plugins compatible for Editor in 79.75 ms, found 6 plugins.
Preloading 1 native plugins for Editor in 0.35 ms.
Mono: successfully reloaded assembly
- Completed reload, in  2.181 seconds
Domain Reload Profiling:
	ReloadAssembly (2182ms)
		BeginReloadAssembly (202ms)
			ExecutionOrderSort (0ms)
			DisableScriptedObjects (28ms)
			BackupInstance (0ms)
			ReleaseScriptingObjects (0ms)
			CreateAndSetChildDomain (15ms)
		EndReloadAssembly (1910ms)
			LoadAssemblies (173ms)
			RebuildTransferFunctionScriptingTraits (0ms)
			SetupTypeCache (290ms)
			ReleaseScriptCaches (1ms)
			RebuildScriptCaches (55ms)
			SetupLoadedEditorAssemblies (1138ms)
				LogAssemblyErrors (0ms)
				InitializePlatformSupportModulesInManaged (10ms)
				SetLoadedEditorAssemblies (1ms)
				RefreshPlugins (80ms)
				BeforeProcessingInitializeOnLoad (151ms)
				ProcessInitializeOnLoadAttributes (839ms)
				ProcessInitializeOnLoadMethodAttributes (56ms)
				AfterProcessingInitializeOnLoad (1ms)
				EditorAssembliesLoaded (0ms)
			ExecutionOrderSort2 (0ms)
			AwakeInstancesAfterBackupRestoration (3ms)
Platform modules already initialized, skipping
Validating Project structure ... 0.004576 seconds.
Shader import version has changed; will reimport all shaders...
Upgrading shader files ...0.013960 seconds.
Application.AssetDatabase Initial Script Refresh Start
RefreshInfo: InitialScriptRefreshV2(NoUpdateAssetOptions) scanfilter:  ... 1 filters
RefreshProfiler: Total: 0.000ms
Application.AssetDatabase Initial Script Refresh End
Application.AssetDatabase.Refresh Start
Application.AssetDatabase.Refresh End
RefreshInfo: StopAssetImportingV2(ForceSynchronousImport) scanfilter: 
RefreshProfiler: Total: 0.000ms
Launching external process: /Applications/Unity/Hub/Editor/2020.3.36f1/Unity.app/Contents/Tools/UnityShaderCompiler
Launched and connected shader compiler UnityShaderCompiler after 0.03 seconds
Initializing Unity extensions:
2022-11-23 19:13:48.184 Unity[60129:7374202] NSEventModifierFlagFunction specified to -setKeyEquivalentModifierMask: for item <NSMenuItem: 0x600003648cb0 Quick Recording, ke='Command-F10'>, but is only supported for system-provided menu items; will not be used
2022-11-23 19:13:48.186 Unity[60129:7374202] NSEventModifierFlagFunction specified to -setKeyEquivalentModifierMask: for item <NSMenuItem: 0x60000360eb50 Font Asset, ke='Command-F12'>, but is only supported for system-provided menu items; will not be used
2022-11-23 19:13:48.188 Unity[60129:7374202] NSEventModifierFlagFunction specified to -setKeyEquivalentModifierMask: for item <NSMenuItem: 0x60000360be20 Quick Recording, ke='Command-F10'>, but is only supported for system-provided menu items; will not be used
2022-11-23 19:13:48.190 Unity[60129:7374202] NSEventModifierFlagFunction specified to -setKeyEquivalentModifierMask: for item <NSMenuItem: 0x60000360ea70 Font Asset, ke='Command-F12'>, but is only supported for system-provided menu items; will not be used
========================================================================
Worker process is ready to serve import requests
Refreshing native plugins compatible for Editor in 1.07 ms, found 6 plugins.
Preloading 1 native plugins for Editor in 0.32 ms.
Unloading 3855 Unused Serialized files (Serialized files now loaded: 0)
System memory in use before: 251.3 MB.
System memory in use after: 251.3 MB.

Unloading 203 unused Assets to reduce memory usage. Loaded Objects now: 4337.
Total: 3.118459 ms (FindLiveObjects: 0.173375 ms CreateObjectMapping: 0.115625 ms MarkObjects: 2.622417 ms  DeleteObjects: 0.206167 ms)

AssetImportParameters requested are different than current active one (requested -> active):
  custom:video-decoder-ogg-theora: a1e56fd34408186e4bbccfd4996cb3dc -> 
  custom:container-muxer-webm: aa71ff27fc2769a1b78a27578f13a17b -> 
  custom:container-demuxer-webm: 4f35f7cbe854078d1ac9338744f61a02 -> 
  custom:container-demuxer-ogg: 62fdf1f143b41e24485cea50d1cbac27 -> 
  custom:video-encoder-webm-vp8: eb34c28f22e8b96e1ab97ce403110664 -> 
  custom:framework-osx-AVFoundation: e770b220cccbd017edd2c1fefb359320 -> 
  custom:video-decoder-webm-vp8: 9c59270c3fd7afecdb556c50c9e8de78 -> 
  custom:audio-decoder-ogg-vorbis: bf7c407c2cedff20999df2af8eb42d56 -> 
  custom:audio-encoder-webm-vorbis: bf7c407c2cedff20999df2af8eb42d56 -> 
========================================================================
Received Import Request.
  path: Assets/Scenes/Tema4Demostrativo.unity
  artifactKey: Guid(fc38b90cf30cc448291b4068a57e3b91) Importer(815301076,1909f56bfc062723c751e8b465ee728b)
Start importing Assets/Scenes/Tema4Demostrativo.unity using Guid(fc38b90cf30cc448291b4068a57e3b91) Importer(815301076,1909f56bfc062723c751e8b465ee728b)  -> (artifact id: '14db25fa854cf1eaa7cc0abbb7f4cb5e') in 0.008394 seconds 
========================================================================
Received Import Request.
  Time since last request: 428.426845 seconds.
  path: Assets/Scenes/Tema8Demostrativo.unity
  artifactKey: Guid(0ffc590f119904ddba2b1413d20342ba) Importer(815301076,1909f56bfc062723c751e8b465ee728b)
Start importing Assets/Scenes/Tema8Demostrativo.unity using Guid(0ffc590f119904ddba2b1413d20342ba) Importer(815301076,1909f56bfc062723c751e8b465ee728b)  -> (artifact id: 'ae2d5940722d6984508bd8e8e05fd0f4') in 0.001125 seconds 
========================================================================
Received Import Request.
  Time since last request: 77.758282 seconds.
  path: Assets/Scenes/Tema8Demostrativo.unity
  artifactKey: Guid(0ffc590f119904ddba2b1413d20342ba) Importer(815301076,1909f56bfc062723c751e8b465ee728b)
Start importing Assets/Scenes/Tema8Demostrativo.unity using Guid(0ffc590f119904ddba2b1413d20342ba) Importer(815301076,1909f56bfc062723c751e8b465ee728b)  -> (artifact id: 'a2f77710b73c3e6c53522b310a81aefd') in 0.001837 seconds 
========================================================================
Received Import Request.
  Time since last request: 531.797828 seconds.
  path: Assets/Molecules/Contenido Curricular 3. Hidrocarburos Lineales y Ramificados/Tema 8. Alquinos Ramificados
  artifactKey: Guid(8b54059ea68304c41ad01528eeffdf54) Importer(815301076,1909f56bfc062723c751e8b465ee728b)
Start importing Assets/Molecules/Contenido Curricular 3. Hidrocarburos Lineales y Ramificados/Tema 8. Alquinos Ramificados using Guid(8b54059ea68304c41ad01528eeffdf54) Importer(815301076,1909f56bfc062723c751e8b465ee728b)  -> (artifact id: '9b8750b8b574e98756c98f126d5797f1') in 0.001401 seconds 
========================================================================
Received Import Request.
  Time since last request: 1.307427 seconds.
  path: Assets/Molecules/Contenido Curricular 3. Hidrocarburos Lineales y Ramificados/Tema 8. Alquinos Ramificados/Aprendizaje Constructivo
  artifactKey: Guid(f6aed4f37d80448c7b7eb913078f93ba) Importer(815301076,1909f56bfc062723c751e8b465ee728b)
Start importing Assets/Molecules/Contenido Curricular 3. Hidrocarburos Lineales y Ramificados/Tema 8. Alquinos Ramificados/Aprendizaje Constructivo using Guid(f6aed4f37d80448c7b7eb913078f93ba) Importer(815301076,1909f56bfc062723c751e8b465ee728b)  -> (artifact id: 'a41c18baacf55bcd04fee20688f0822c') in 0.001345 seconds 
========================================================================
Received Import Request.
  Time since last request: 1.078613 seconds.
  path: Assets/Molecules/Contenido Curricular 3. Hidrocarburos Lineales y Ramificados/Tema 8. Alquinos Ramificados/Aprendizaje Demostrativo
  artifactKey: Guid(78df47ff03c85484285a8234b4e7c69f) Importer(815301076,1909f56bfc062723c751e8b465ee728b)
Start importing Assets/Molecules/Contenido Curricular 3. Hidrocarburos Lineales y Ramificados/Tema 8. Alquinos Ramificados/Aprendizaje Demostrativo using Guid(78df47ff03c85484285a8234b4e7c69f) Importer(815301076,1909f56bfc062723c751e8b465ee728b)  -> (artifact id: '2f89dfe9539d88655b052edb0e09b905') in 0.001284 seconds 
========================================================================
Received Import Request.
  Time since last request: 0.033714 seconds.
  path: Assets/Molecules/Contenido Curricular 3. Hidrocarburos Lineales y Ramificados/Tema 8. Alquinos Ramificados/Aprendizaje Demostrativo/3-Metil,1-Pentino.blend
  artifactKey: Guid(1f38dd5d77bc14dafa1114cc8d8e3649) Importer(815301076,1909f56bfc062723c751e8b465ee728b)
Start importing Assets/Molecules/Contenido Curricular 3. Hidrocarburos Lineales y Ramificados/Tema 8. Alquinos Ramificados/Aprendizaje Demostrativo/3-Metil,1-Pentino.blend using Guid(1f38dd5d77bc14dafa1114cc8d8e3649) Importer(815301076,1909f56bfc062723c751e8b465ee728b)  -> (artifact id: '96702a6219bd6d5d77d33c3fee2f83b4') in 1.092138 seconds 
========================================================================
Received Import Request.
  Time since last request: 125.353327 seconds.
  path: Assets/Molecules/Contenido Curricular 3. Hidrocarburos Lineales y Ramificados/Tema 8. Alquinos Ramificados/Aprendizaje Demostrativo/3-Metil,1-Pentino.blend
  artifactKey: Guid(1f38dd5d77bc14dafa1114cc8d8e3649) Importer(815301076,1909f56bfc062723c751e8b465ee728b)
Start importing Assets/Molecules/Contenido Curricular 3. Hidrocarburos Lineales y Ramificados/Tema 8. Alquinos Ramificados/Aprendizaje Demostrativo/3-Metil,1-Pentino.blend using Guid(1f38dd5d77bc14dafa1114cc8d8e3649) Importer(815301076,1909f56bfc062723c751e8b465ee728b)  -> (artifact id: '0a9e76759a1e465c35eca5474b088d1d') in 0.042915 seconds 
========================================================================
Received Prepare
Refreshing native plugins compatible for Editor in 5.24 ms, found 6 plugins.
Preloading 1 native plugins for Editor in 0.30 ms.
Unloading 36 Unused Serialized files (Serialized files now loaded: 0)
System memory in use before: 246.9 MB.
System memory in use after: 247.1 MB.

Unloading 36 unused Assets to reduce memory usage. Loaded Objects now: 4444.
Total: 3.518541 ms (FindLiveObjects: 0.219292 ms CreateObjectMapping: 0.115583 ms MarkObjects: 3.161041 ms  DeleteObjects: 0.021875 ms)

AssetImportParameters requested are different than current active one (requested -> active):
  custom:video-decoder-ogg-theora: a1e56fd34408186e4bbccfd4996cb3dc -> 
  custom:container-muxer-webm: aa71ff27fc2769a1b78a27578f13a17b -> 
  custom:container-demuxer-webm: 4f35f7cbe854078d1ac9338744f61a02 -> 
  custom:container-demuxer-ogg: 62fdf1f143b41e24485cea50d1cbac27 -> 
  custom:video-encoder-webm-vp8: eb34c28f22e8b96e1ab97ce403110664 -> 
  custom:framework-osx-AVFoundation: e770b220cccbd017edd2c1fefb359320 -> 
  custom:video-decoder-webm-vp8: 9c59270c3fd7afecdb556c50c9e8de78 -> 
  custom:audio-decoder-ogg-vorbis: bf7c407c2cedff20999df2af8eb42d56 -> 
  custom:audio-encoder-webm-vorbis: bf7c407c2cedff20999df2af8eb42d56 -> 
========================================================================
Received Import Request.
  Time since last request: 473.352083 seconds.
  path: Assets/Scenes/Tema4Demostrativo.unity
  artifactKey: Guid(fc38b90cf30cc448291b4068a57e3b91) Importer(815301076,1909f56bfc062723c751e8b465ee728b)
Start importing Assets/Scenes/Tema4Demostrativo.unity using Guid(fc38b90cf30cc448291b4068a57e3b91) Importer(815301076,1909f56bfc062723c751e8b465ee728b)  -> (artifact id: 'be6672f78cf183c0c3eb6375928910db') in 0.001380 seconds 
========================================================================
Received Import Request.
  Time since last request: 158.486571 seconds.
  path: Assets/Scenes/Tema6Constructivo.unity
  artifactKey: Guid(3ef7fedb24b6247dfa162c23279006af) Importer(815301076,1909f56bfc062723c751e8b465ee728b)
Start importing Assets/Scenes/Tema6Constructivo.unity using Guid(3ef7fedb24b6247dfa162c23279006af) Importer(815301076,1909f56bfc062723c751e8b465ee728b)  -> (artifact id: '35f2d7b4026ef82219850c4b347fb39e') in 0.000995 seconds 
========================================================================
Received Import Request.
  Time since last request: 48.581992 seconds.
  path: Assets/Scenes/Tema7Demostrativo.unity
  artifactKey: Guid(59bdb674d03924071a6451dc2968e814) Importer(815301076,1909f56bfc062723c751e8b465ee728b)
Start importing Assets/Scenes/Tema7Demostrativo.unity using Guid(59bdb674d03924071a6451dc2968e814) Importer(815301076,1909f56bfc062723c751e8b465ee728b)  -> (artifact id: '5a7253dc9ce4e3fe401f9a2d4c89b82c') in 0.001159 seconds 
========================================================================
Received Import Request.
  Time since last request: 108.884803 seconds.
  path: Assets/Scenes/Tema8Demostrativo.unity
  artifactKey: Guid(0ffc590f119904ddba2b1413d20342ba) Importer(815301076,1909f56bfc062723c751e8b465ee728b)
Start importing Assets/Scenes/Tema8Demostrativo.unity using Guid(0ffc590f119904ddba2b1413d20342ba) Importer(815301076,1909f56bfc062723c751e8b465ee728b)  -> (artifact id: '26e89e6966fdfa15e4cad4e7ef1569bb') in 0.001184 seconds 
========================================================================
Received Prepare
Registering precompiled user dll's ...
Registered in 0.003488 seconds.
Begin MonoManager ReloadAssembly
Native extension for OSXStandalone target not found
Refreshing native plugins compatible for Editor in 1.06 ms, found 6 plugins.
Preloading 1 native plugins for Editor in 0.35 ms.
2022-11-23 19:50:21.163 Unity[60129:7374202] NSEventModifierFlagFunction specified to -setKeyEquivalentModifierMask: for item <NSMenuItem: 0x60000361abc0 Quick Recording, ke='Command-F10'>, but is only supported for system-provided menu items; will not be used
2022-11-23 19:50:21.166 Unity[60129:7374202] NSEventModifierFlagFunction specified to -setKeyEquivalentModifierMask: for item <NSMenuItem: 0x6000036671e0 Font Asset, ke='Command-F12'>, but is only supported for system-provided menu items; will not be used
Mono: successfully reloaded assembly
- Completed reload, in  2.347 seconds
Domain Reload Profiling:
	ReloadAssembly (2348ms)
		BeginReloadAssembly (184ms)
			ExecutionOrderSort (0ms)
			DisableScriptedObjects (32ms)
			BackupInstance (0ms)
			ReleaseScriptingObjects (0ms)
			CreateAndSetChildDomain (38ms)
		EndReloadAssembly (2091ms)
			LoadAssemblies (168ms)
			RebuildTransferFunctionScriptingTraits (0ms)
			SetupTypeCache (310ms)
			ReleaseScriptCaches (1ms)
			RebuildScriptCaches (43ms)
			SetupLoadedEditorAssemblies (1139ms)
				LogAssemblyErrors (0ms)
				InitializePlatformSupportModulesInManaged (9ms)
				SetLoadedEditorAssemblies (1ms)
				RefreshPlugins (1ms)
				BeforeProcessingInitializeOnLoad (163ms)
				ProcessInitializeOnLoadAttributes (903ms)
				ProcessInitializeOnLoadMethodAttributes (60ms)
				AfterProcessingInitializeOnLoad (1ms)
				EditorAssembliesLoaded (0ms)
			ExecutionOrderSort2 (0ms)
			AwakeInstancesAfterBackupRestoration (30ms)
Platform modules already initialized, skipping
Switching build target platform(2) subTarget(0) extendedPlatform(0) -> platform(13) subTarget(524288) extendedPlatform(0)
Refreshing native plugins compatible for Editor in 1.02 ms, found 6 plugins.
Preloading 1 native plugins for Editor in 0.31 ms.
Unloading 3696 Unused Serialized files (Serialized files now loaded: 0)
System memory in use before: 317.1 MB.
System memory in use after: 317.4 MB.

Unloading 40 unused Assets to reduce memory usage. Loaded Objects now: 4422.
Total: 2.787833 ms (FindLiveObjects: 0.155000 ms CreateObjectMapping: 0.087500 ms MarkObjects: 2.517750 ms  DeleteObjects: 0.026875 ms)

AssetImportParameters requested are different than current active one (requested -> active):
  custom:video-decoder-ogg-theora: a1e56fd34408186e4bbccfd4996cb3dc -> 
  custom:container-muxer-webm: aa71ff27fc2769a1b78a27578f13a17b -> 
  custom:container-demuxer-webm: 4f35f7cbe854078d1ac9338744f61a02 -> 
  custom:container-demuxer-ogg: 62fdf1f143b41e24485cea50d1cbac27 -> 
  custom:video-encoder-webm-vp8: eb34c28f22e8b96e1ab97ce403110664 -> 
  custom:framework-osx-AVFoundation: e770b220cccbd017edd2c1fefb359320 -> 
  custom:video-decoder-webm-vp8: 9c59270c3fd7afecdb556c50c9e8de78 -> 
  custom:graphics/normal-map-encoding: 01000000000000000000000000000000 -> 02000000000000000000000000000000
  custom:audio-decoder-ogg-vorbis: bf7c407c2cedff20999df2af8eb42d56 -> 
  custom:audio-encoder-webm-vorbis: bf7c407c2cedff20999df2af8eb42d56 -> 
========================================================================
Received Prepare
Refreshing native plugins compatible for Editor in 5.32 ms, found 6 plugins.
Preloading 1 native plugins for Editor in 0.30 ms.
Unloading 36 Unused Serialized files (Serialized files now loaded: 0)
System memory in use before: 246.4 MB.
System memory in use after: 246.6 MB.

Unloading 36 unused Assets to reduce memory usage. Loaded Objects now: 4422.
Total: 2.693542 ms (FindLiveObjects: 0.181917 ms CreateObjectMapping: 0.085666 ms MarkObjects: 2.403750 ms  DeleteObjects: 0.021750 ms)

AssetImportParameters requested are different than current active one (requested -> active):
  custom:video-decoder-ogg-theora: a1e56fd34408186e4bbccfd4996cb3dc -> 
  custom:container-muxer-webm: aa71ff27fc2769a1b78a27578f13a17b -> 
  custom:container-demuxer-webm: 4f35f7cbe854078d1ac9338744f61a02 -> 
  custom:container-demuxer-ogg: 62fdf1f143b41e24485cea50d1cbac27 -> 
  custom:video-encoder-webm-vp8: eb34c28f22e8b96e1ab97ce403110664 -> 
  custom:framework-osx-AVFoundation: e770b220cccbd017edd2c1fefb359320 -> 
  custom:video-decoder-webm-vp8: 9c59270c3fd7afecdb556c50c9e8de78 -> 
  custom:audio-decoder-ogg-vorbis: bf7c407c2cedff20999df2af8eb42d56 -> 
  custom:audio-encoder-webm-vorbis: bf7c407c2cedff20999df2af8eb42d56 -> 
